<?xml version="1.0" encoding="UTF-8"?>
<!-- Generated by org.testng.reporters.JUnitXMLReporter -->
<testsuite ignored="2" hostname="Shubh_51" failures="0" tests="1" name="Default test" time="33.656" errors="0" timestamp="2024-08-25T17:36:26 IST">
  <testcase classname="com.comcast.crm.testngassert.contacttest.ContactTest" name="createContactWithOrganizationTest" time="25.617"/>
  <testcase classname="com.comcast.crm.testngassert.contacttest.ContactTest" name="createContactWithSupportDateTest" time="0.0">
    <ignored/>
  </testcase> <!-- createContactWithSupportDateTest -->
  <testcase classname="com.comcast.crm.testngassert.contacttest.ContactTest" name="createContactTest" time="0.0">
    <ignored/>
  </testcase> <!-- createContactTest -->
</testsuite> <!-- Default test -->
