<?xml version="1.0" encoding="UTF-8"?>
<!-- Generated by org.testng.reporters.JUnitXMLReporter -->
<testsuite ignored="0" hostname="Shubh_51" failures="0" tests="4" name="OrganizationTest" time="0.109" errors="0" timestamp="2024-08-25T18:08:36 IST">
  <testcase classname="com.comcast.crm.tsetng.organizationtest.OrganizationTest1" name="CreateOrganizationAndDeleteOrganizationTest" time="0.001">
    <skipped/>
  </testcase> <!-- CreateOrganizationAndDeleteOrganizationTest -->
  <testcase classname="com.comcast.crm.tsetng.organizationtest.OrganizationTest1" name="CreateOrganizationTest" time="0.0">
    <skipped/>
  </testcase> <!-- CreateOrganizationTest -->
  <testcase classname="com.comcast.crm.tsetng.organizationtest.OrganizationTest1" name="CreateOrganizationWithIndustryDDTest" time="0.0">
    <skipped/>
  </testcase> <!-- CreateOrganizationWithIndustryDDTest -->
  <testcase classname="com.comcast.crm.tsetng.organizationtest.OrganizationTest1" name="CreateOrganizationWithPhonenoTest" time="0.0">
    <skipped/>
  </testcase> <!-- CreateOrganizationWithPhonenoTest -->
</testsuite> <!-- OrganizationTest -->
