<?xml version="1.0" encoding="UTF-8"?>
<!-- Generated by org.testng.reporters.JUnitXMLReporter -->
<testsuite ignored="0" hostname="Shubh_51" failures="0" tests="4" name="TestRunner_Edge" time="129.554" errors="0" timestamp="2024-08-25T18:18:58 IST">
  <testcase classname="com.comcast.crm.tsetng.organizationtest.OrganizationTest1" name="CreateOrganizationAndDeleteOrganizationTest" time="30.847"/>
  <testcase classname="com.comcast.crm.tsetng.organizationtest.OrganizationTest1" name="CreateOrganizationTest" time="21.712"/>
  <testcase classname="com.comcast.crm.tsetng.organizationtest.OrganizationTest1" name="CreateOrganizationWithIndustryDDTest" time="21.697"/>
  <testcase classname="com.comcast.crm.tsetng.organizationtest.OrganizationTest1" name="CreateOrganizationWithPhonenoTest" time="13.251"/>
</testsuite> <!-- TestRunner_Edge -->
