<?xml version="1.0" encoding="UTF-8"?>
<!-- Generated by org.testng.reporters.JUnitXMLReporter -->
<testsuite ignored="2" hostname="Shubh_51" failures="0" tests="1" name="Test" time="34.466" errors="0" timestamp="2024-08-25T18:23:06 IST">
  <testcase classname="com.comcast.crm.testngassert.contacttest.ContactTest" name="createContactWithOrganizationTest" time="26.281"/>
  <testcase classname="com.comcast.crm.testngassert.contacttest.ContactTest" name="createContactWithSupportDateTest" time="0.0">
    <ignored/>
  </testcase> <!-- createContactWithSupportDateTest -->
  <testcase classname="com.comcast.crm.testngassert.contacttest.ContactTest" name="createContactTest" time="0.0">
    <ignored/>
  </testcase> <!-- createContactTest -->
</testsuite> <!-- Test -->
