<?xml version="1.0" encoding="UTF-8"?>
<!-- Generated by org.testng.reporters.JUnitXMLReporter -->
<testsuite ignored="0" hostname="Shubh_51" failures="0" tests="3" name="TestRunner_Chrome" time="109.867" errors="0" timestamp="2024-08-25T18:18:38 IST">
  <testcase classname="com.comcast.crm.testngassert.contacttest.ContactTest1" name="createContactTest" time="22.239"/>
  <testcase classname="com.comcast.crm.testngassert.contacttest.ContactTest1" name="createContactWithOrganizationTest" time="41.278"/>
  <testcase classname="com.comcast.crm.testngassert.contacttest.ContactTest1" name="createContactWithSupportDateTest" time="18.441"/>
</testsuite> <!-- TestRunner_Chrome -->
